<?xml version="1.0" encoding="UTF-8"?>
<!-- Generated by org.testng.reporters.JUnitReportReporter -->
<testsuite hostname="SL-2250" failures="0" tests="8" name="com.saucelabs.RunCucumberLoginTest" time="180.155" errors="0" timestamp="2024-10-03T08:19:49 PDT" skipped="0">
  <testcase classname="com.saucelabs.RunCucumberLoginTest" name="runScenario" time="11.223"/>
  <system-out/>
  <testcase classname="com.saucelabs.RunCucumberLoginTest" name="runScenario" time="15.381"/>
  <system-out/>
  <testcase classname="com.saucelabs.RunCucumberLoginTest" name="runScenario" time="26.416"/>
  <system-out/>
  <testcase classname="com.saucelabs.RunCucumberLoginTest" name="runScenario" time="28.050"/>
  <system-out/>
  <testcase classname="com.saucelabs.RunCucumberLoginTest" name="runScenario" time="16.640"/>
  <system-out/>
  <testcase classname="com.saucelabs.RunCucumberLoginTest" name="runScenario" time="35.359"/>
  <system-out/>
  <testcase classname="com.saucelabs.RunCucumberLoginTest" name="runScenario" time="10.328"/>
  <system-out/>
  <testcase classname="com.saucelabs.RunCucumberLoginTest" name="runScenario" time="36.758"/>
  <system-out/>
</testsuite> <!-- com.saucelabs.RunCucumberLoginTest -->
