<?xml version="1.0" encoding="UTF-8"?>
<!-- Generated by org.testng.reporters.JUnitReportReporter -->
<testsuite hostname="SL-2250" failures="0" tests="4" name="com.saucelabs.RunCucumberBasicTest" time="69.426" errors="0" timestamp="2024-10-03T08:19:49 PDT" skipped="0">
  <testcase classname="com.saucelabs.RunCucumberBasicTest" name="runScenario" time="17.252"/>
  <system-out/>
  <testcase classname="com.saucelabs.RunCucumberBasicTest" name="runScenario" time="29.316"/>
  <system-out/>
  <testcase classname="com.saucelabs.RunCucumberBasicTest" name="runScenario" time="7.694"/>
  <system-out/>
  <testcase classname="com.saucelabs.RunCucumberBasicTest" name="runScenario" time="15.164"/>
  <system-out/>
</testsuite> <!-- com.saucelabs.RunCucumberBasicTest -->
